<?xml version="1.0" encoding="UTF-8"?>
<!-- Generated by org.testng.reporters.JUnitReportReporter -->
<testsuite hostname="LAPTOP-5KMFOFH9" failures="0" tests="1" name="gestures_ANdroid.ClickGesture" time="10.488" errors="0" timestamp="2024-02-10T17:25:55 IST" skipped="0">
  <testcase classname="gestures_ANdroid.ClickGesture" name="clickTEst" time="10.488"/>
  <system-out/>
</testsuite> <!-- gestures_ANdroid.ClickGesture -->
