<?xml version="1.0" encoding="UTF-8"?>
<!-- Generated by org.testng.reporters.JUnitReportReporter -->
<testsuite hostname="LAPTOP-5KMFOFH9" failures="0" tests="1" name="createTestSession.UIAutomatorSession" time="10.050" errors="0" timestamp="2024-02-10T17:14:32 IST" skipped="0">
  <testcase classname="createTestSession.UIAutomatorSession" name="createSession" time="10.050"/>
  <system-out/>
</testsuite> <!-- createTestSession.UIAutomatorSession -->
