<?xml version="1.0" encoding="UTF-8"?>
<!-- Generated by org.testng.reporters.JUnitReportReporter -->
<testsuite hostname="LAPTOP-5KMFOFH9" failures="0" tests="1" name="day_2.LocatorDemo" time="20.907" errors="0" timestamp="2024-02-10T16:45:20 IST" skipped="0">
  <testcase classname="day_2.LocatorDemo" name="LocatorTest" time="20.907"/>
  <system-out/>
</testsuite> <!-- day_2.LocatorDemo -->
