<?xml version="1.0" encoding="UTF-8"?>
<!-- Generated by org.testng.reporters.JUnitReportReporter -->
<testsuite hostname="LAPTOP-5KMFOFH9" failures="0" tests="1" name="day_2.AlertHandling" time="19.769" errors="0" timestamp="2024-02-10T17:03:00 IST" skipped="0">
  <testcase classname="day_2.AlertHandling" name="alertTest" time="19.769"/>
  <system-out/>
</testsuite> <!-- day_2.AlertHandling -->
