<?xml version="1.0" encoding="UTF-8"?>
<!-- Generated by org.testng.reporters.JUnitReportReporter -->
<testsuite hostname="LAPTOP-5KMFOFH9" failures="0" tests="1" name="createTestSession.CreateSession" time="22.261" errors="0" timestamp="2024-02-04T12:47:39 IST" skipped="0">
  <testcase classname="createTestSession.CreateSession" name="createDriverSession" time="22.261"/>
  <system-out/>
</testsuite> <!-- createTestSession.CreateSession -->
